Using pre-set license
Built from '2020.3/staging' branch; Version is '2020.3.3f1 (76626098c1c4) revision 7758432'; Using compiler version '192528614'; Build Type 'Release'
OS: 'Windows 10 Pro; OS build 22000.856; Version 2009; 64bit' Language: 'ja' Physical Memory: 32694 MB
BatchMode: 1, IsHumanControllingUs: 0, StartBugReporterOnCrash: 0, Is64bit: 1, IsPro: 0

 COMMAND LINE ARGUMENTS:
C:\Program Files\Unity\Hub\Editor\2020.3.3f1\Editor\Unity.exe
-adb2
-batchMode
-noUpm
-name
AssetImportWorker0
-projectPath
C:/Users/カバー株式会社 管理No271800/Downloads/PiceGame
-logFile
Logs/AssetImportWorker0.log
-srvPort
57520
Successfully changed project path to: C:/Users/カバー株式会社 管理No271800/Downloads/PiceGame
C:/Users/カバー株式会社 管理No271800/Downloads/PiceGame
Using Asset Import Pipeline V2.
Refreshing native plugins compatible for Editor in 31.90 ms, found 1 plugins.
Preloading 0 native plugins for Editor in 0.00 ms.
Initialize engine version: 2020.3.3f1 (76626098c1c4)
[Subsystems] Discovering subsystems at path C:/Program Files/Unity/Hub/Editor/2020.3.3f1/Editor/Data/Resources/UnitySubsystems
[Subsystems] Discovering subsystems at path C:/Users/カバー株式会社 管理No271800/Downloads/PiceGame/Assets
GfxDevice: creating device client; threaded=0
Direct3D:
    Version:  Direct3D 11.0 [level 11.1]
    Renderer: NVIDIA GeForce GTX 1660 (ID=0x2184)
    Vendor:   
    VRAM:     5992 MB
    Driver:   27.21.14.5671
Initialize mono
Mono path[0] = 'C:/Program Files/Unity/Hub/Editor/2020.3.3f1/Editor/Data/Managed'
Mono path[1] = 'C:/Program Files/Unity/Hub/Editor/2020.3.3f1/Editor/Data/MonoBleedingEdge/lib/mono/unityjit'
Mono config path = 'C:/Program Files/Unity/Hub/Editor/2020.3.3f1/Editor/Data/MonoBleedingEdge/etc'
Using monoOptions --debugger-agent=transport=dt_socket,embedding=1,server=y,suspend=n,address=127.0.0.1:56872
Begin MonoManager ReloadAssembly
Registering precompiled unity dll's ...
Register platform support module: C:/Program Files/Unity/Hub/Editor/2020.3.3f1/Editor/Data/PlaybackEngines/WebGLSupport/UnityEditor.WebGL.Extensions.dll
Register platform support module: C:/Program Files/Unity/Hub/Editor/2020.3.3f1/Editor/Data/PlaybackEngines/WindowsStandaloneSupport/UnityEditor.WindowsStandalone.Extensions.dll
Registered in 0.001284 seconds.
Native extension for WindowsStandalone target not found
Native extension for WebGL target not found
Refreshing native plugins compatible for Editor in 33.77 ms, found 1 plugins.
Preloading 0 native plugins for Editor in 0.00 ms.
Invoked RoslynAnalysisRunner static constructor.
RoslynAnalysisRunner will not be running.
RoslynAnalysisRunner has terminated.
Mono: successfully reloaded assembly
- Completed reload, in  0.950 seconds
Platform modules already initialized, skipping
Registering precompiled user dll's ...
Registered in 0.000640 seconds.
Begin MonoManager ReloadAssembly
Native extension for WindowsStandalone target not found
Native extension for WebGL target not found
Refreshing native plugins compatible for Editor in 39.85 ms, found 1 plugins.
Preloading 0 native plugins for Editor in 0.00 ms.
Invoked RoslynAnalysisRunner static constructor.
RoslynAnalysisRunner will not be running.
RoslynAnalysisRunner has terminated.
Mono: successfully reloaded assembly
- Completed reload, in  0.824 seconds
Platform modules already initialized, skipping
========================================================================
Worker process is ready to serve import requests
Launched and connected shader compiler UnityShaderCompiler.exe after 0.04 seconds
Refreshing native plugins compatible for Editor in 0.37 ms, found 1 plugins.
Preloading 0 native plugins for Editor in 0.00 ms.
Unloading 1813 Unused Serialized files (Serialized files now loaded: 0)
System memory in use before: 84.9 MB.
System memory in use after: 84.9 MB.

Unloading 24 unused Assets to reduce memory usage. Loaded Objects now: 2254.
Total: 2.107600 ms (FindLiveObjects: 0.229100 ms CreateObjectMapping: 0.049100 ms MarkObjects: 1.711600 ms  DeleteObjects: 0.116300 ms)

AssetImportParameters requested are different than current active one (requested -> active):
  requireTextureImportCompression: false -> true
========================================================================
Received Import Request.
  path: Assets/Gound.png
  artifactKey: Guid(100c85fd7ba766f4da8b05c289a34aaa) Importer(815301076,1909f56bfc062723c751e8b465ee728b)
Start importing Assets/Gound.png using Guid(100c85fd7ba766f4da8b05c289a34aaa) Importer(815301076,1909f56bfc062723c751e8b465ee728b)  -> (artifact id: 'dfed6119fdd54d7e29904fe5d1cf7b10') in 0.073406 seconds
  Import took 0.076095 seconds .

========================================================================
Received Prepare
Registering precompiled user dll's ...
Registered in 0.000753 seconds.
Begin MonoManager ReloadAssembly
Native extension for WindowsStandalone target not found
Native extension for WebGL target not found
Refreshing native plugins compatible for Editor in 0.39 ms, found 1 plugins.
Preloading 0 native plugins for Editor in 0.00 ms.
Invoked RoslynAnalysisRunner static constructor.
RoslynAnalysisRunner will not be running.
RoslynAnalysisRunner has terminated.
Mono: successfully reloaded assembly
- Completed reload, in  0.650 seconds
Platform modules already initialized, skipping
Refreshing native plugins compatible for Editor in 0.36 ms, found 1 plugins.
Preloading 0 native plugins for Editor in 0.00 ms.
Unloading 1808 Unused Serialized files (Serialized files now loaded: 0)
System memory in use before: 88.0 MB.
System memory in use after: 87.9 MB.

Unloading 12 unused Assets to reduce memory usage. Loaded Objects now: 2263.
Total: 1.893700 ms (FindLiveObjects: 0.228900 ms CreateObjectMapping: 0.050500 ms MarkObjects: 1.511200 ms  DeleteObjects: 0.102000 ms)

AssetImportParameters requested are different than current active one (requested -> active):
  requireTextureImportCompression: false -> true
========================================================================
Received Prepare
Registering precompiled user dll's ...
Registered in 0.000713 seconds.
Begin MonoManager ReloadAssembly
Native extension for WindowsStandalone target not found
Native extension for WebGL target not found
Refreshing native plugins compatible for Editor in 0.38 ms, found 1 plugins.
Preloading 0 native plugins for Editor in 0.00 ms.
Invoked RoslynAnalysisRunner static constructor.
RoslynAnalysisRunner will not be running.
RoslynAnalysisRunner has terminated.
Mono: successfully reloaded assembly
- Completed reload, in  0.656 seconds
Platform modules already initialized, skipping
Refreshing native plugins compatible for Editor in 0.36 ms, found 1 plugins.
Preloading 0 native plugins for Editor in 0.00 ms.
Unloading 1808 Unused Serialized files (Serialized files now loaded: 0)
System memory in use before: 88.0 MB.
System memory in use after: 88.0 MB.

Unloading 12 unused Assets to reduce memory usage. Loaded Objects now: 2266.
Total: 1.975800 ms (FindLiveObjects: 0.228400 ms CreateObjectMapping: 0.040800 ms MarkObjects: 1.598800 ms  DeleteObjects: 0.106900 ms)

AssetImportParameters requested are different than current active one (requested -> active):
  requireTextureImportCompression: false -> true
========================================================================
Received Import Request.
  Time since last request: 302.256754 seconds.
  path: Assets/Script/patternScripts.cs
  artifactKey: Guid(c4e63953e241a864d93c69076a36c8b5) Importer(815301076,1909f56bfc062723c751e8b465ee728b)
Start importing Assets/Script/patternScripts.cs using Guid(c4e63953e241a864d93c69076a36c8b5) Importer(815301076,1909f56bfc062723c751e8b465ee728b)  -> (artifact id: 'ea2ec44916344ba656b9e8b1f6b48299') in 0.029395 seconds
  Import took 0.032437 seconds .

========================================================================
Received Prepare
Registering precompiled user dll's ...
Registered in 0.000695 seconds.
Begin MonoManager ReloadAssembly
Native extension for WindowsStandalone target not found
Native extension for WebGL target not found
Refreshing native plugins compatible for Editor in 0.39 ms, found 1 plugins.
Preloading 0 native plugins for Editor in 0.00 ms.
Invoked RoslynAnalysisRunner static constructor.
RoslynAnalysisRunner will not be running.
RoslynAnalysisRunner has terminated.
Mono: successfully reloaded assembly
- Completed reload, in  0.637 seconds
Platform modules already initialized, skipping
Refreshing native plugins compatible for Editor in 0.38 ms, found 1 plugins.
Preloading 0 native plugins for Editor in 0.00 ms.
Unloading 1809 Unused Serialized files (Serialized files now loaded: 0)
System memory in use before: 88.1 MB.
System memory in use after: 88.0 MB.

Unloading 12 unused Assets to reduce memory usage. Loaded Objects now: 2270.
Total: 2.151400 ms (FindLiveObjects: 0.222600 ms CreateObjectMapping: 0.042400 ms MarkObjects: 1.760200 ms  DeleteObjects: 0.124900 ms)

AssetImportParameters requested are different than current active one (requested -> active):
  requireTextureImportCompression: false -> true
========================================================================
Received Import Request.
  Time since last request: 327.816444 seconds.
  path: Assets/Script/patternScripts.cs
  artifactKey: Guid(c4e63953e241a864d93c69076a36c8b5) Importer(815301076,1909f56bfc062723c751e8b465ee728b)
Start importing Assets/Script/patternScripts.cs using Guid(c4e63953e241a864d93c69076a36c8b5) Importer(815301076,1909f56bfc062723c751e8b465ee728b)  -> (artifact id: '14ea674e2339ff4ebde6ca5ffc0e8567') in 0.004229 seconds
  Import took 0.007293 seconds .

========================================================================
Received Import Request.
  Time since last request: 0.046116 seconds.
  path: Assets/Script/patternScripts.cs
  artifactKey: Guid(c4e63953e241a864d93c69076a36c8b5) Importer(815301076,1909f56bfc062723c751e8b465ee728b)
Start importing Assets/Script/patternScripts.cs using Guid(c4e63953e241a864d93c69076a36c8b5) Importer(815301076,1909f56bfc062723c751e8b465ee728b)  -> (artifact id: '14ea674e2339ff4ebde6ca5ffc0e8567') in 0.001683 seconds
  Import took 0.004628 seconds .

========================================================================
Received Import Request.
  Time since last request: 35.134820 seconds.
  path: Assets/Script/patternScripts.cs
  artifactKey: Guid(c4e63953e241a864d93c69076a36c8b5) Importer(815301076,1909f56bfc062723c751e8b465ee728b)
Start importing Assets/Script/patternScripts.cs using Guid(c4e63953e241a864d93c69076a36c8b5) Importer(815301076,1909f56bfc062723c751e8b465ee728b)  -> (artifact id: '842d9eca01dc96527ccf4832de5f414e') in 0.001368 seconds
  Import took 0.004086 seconds .

========================================================================
Received Prepare
Registering precompiled user dll's ...
Registered in 0.000838 seconds.
Begin MonoManager ReloadAssembly
Native extension for WindowsStandalone target not found
Native extension for WebGL target not found
Refreshing native plugins compatible for Editor in 0.38 ms, found 1 plugins.
Preloading 0 native plugins for Editor in 0.00 ms.
Invoked RoslynAnalysisRunner static constructor.
RoslynAnalysisRunner will not be running.
RoslynAnalysisRunner has terminated.
Mono: successfully reloaded assembly
- Completed reload, in  0.682 seconds
Platform modules already initialized, skipping
Refreshing native plugins compatible for Editor in 0.34 ms, found 1 plugins.
Preloading 0 native plugins for Editor in 0.00 ms.
Unloading 1809 Unused Serialized files (Serialized files now loaded: 0)
System memory in use before: 88.1 MB.
System memory in use after: 88.1 MB.

Unloading 12 unused Assets to reduce memory usage. Loaded Objects now: 2273.
Total: 1.851100 ms (FindLiveObjects: 0.199200 ms CreateObjectMapping: 0.049500 ms MarkObjects: 1.495900 ms  DeleteObjects: 0.105700 ms)

AssetImportParameters requested are different than current active one (requested -> active):
  requireTextureImportCompression: false -> true
========================================================================
Received Import Request.
  Time since last request: 12.142953 seconds.
  path: Assets/Script/patternScripts.cs
  artifactKey: Guid(c4e63953e241a864d93c69076a36c8b5) Importer(815301076,1909f56bfc062723c751e8b465ee728b)
Start importing Assets/Script/patternScripts.cs using Guid(c4e63953e241a864d93c69076a36c8b5) Importer(815301076,1909f56bfc062723c751e8b465ee728b)  -> (artifact id: 'e5c17087472bb95c43aeaaf00ede1212') in 0.003953 seconds
  Import took 0.006702 seconds .

========================================================================
Received Import Request.
  Time since last request: 2.884368 seconds.
  path: Assets/Script/patternScripts.cs
  artifactKey: Guid(c4e63953e241a864d93c69076a36c8b5) Importer(815301076,1909f56bfc062723c751e8b465ee728b)
Start importing Assets/Script/patternScripts.cs using Guid(c4e63953e241a864d93c69076a36c8b5) Importer(815301076,1909f56bfc062723c751e8b465ee728b)  -> (artifact id: 'fe288db9b98f2a327b6881356a5a74c0') in 0.001400 seconds
  Import took 0.004089 seconds .

========================================================================
Received Prepare
Registering precompiled user dll's ...
Registered in 0.000804 seconds.
Begin MonoManager ReloadAssembly
Native extension for WindowsStandalone target not found
Native extension for WebGL target not found
Refreshing native plugins compatible for Editor in 0.38 ms, found 1 plugins.
Preloading 0 native plugins for Editor in 0.00 ms.
Invoked RoslynAnalysisRunner static constructor.
RoslynAnalysisRunner will not be running.
RoslynAnalysisRunner has terminated.
Mono: successfully reloaded assembly
- Completed reload, in  0.656 seconds
Platform modules already initialized, skipping
Refreshing native plugins compatible for Editor in 0.38 ms, found 1 plugins.
Preloading 0 native plugins for Editor in 0.00 ms.
Unloading 1809 Unused Serialized files (Serialized files now loaded: 0)
System memory in use before: 88.1 MB.
System memory in use after: 88.1 MB.

Unloading 12 unused Assets to reduce memory usage. Loaded Objects now: 2276.
Total: 1.824200 ms (FindLiveObjects: 0.225300 ms CreateObjectMapping: 0.042400 ms MarkObjects: 1.439500 ms  DeleteObjects: 0.116000 ms)

AssetImportParameters requested are different than current active one (requested -> active):
  requireTextureImportCompression: false -> true
========================================================================
Received Import Request.
  Time since last request: 25.768417 seconds.
  path: Assets/Script/patternScripts.cs
  artifactKey: Guid(c4e63953e241a864d93c69076a36c8b5) Importer(815301076,1909f56bfc062723c751e8b465ee728b)
Start importing Assets/Script/patternScripts.cs using Guid(c4e63953e241a864d93c69076a36c8b5) Importer(815301076,1909f56bfc062723c751e8b465ee728b)  -> (artifact id: '3f396eb06ce717ece2c581a49be3aa6d') in 0.004282 seconds
  Import took 0.007131 seconds .

========================================================================
Received Import Request.
  Time since last request: 14.207258 seconds.
  path: Assets/Script/patternScripts.cs
  artifactKey: Guid(c4e63953e241a864d93c69076a36c8b5) Importer(815301076,1909f56bfc062723c751e8b465ee728b)
Start importing Assets/Script/patternScripts.cs using Guid(c4e63953e241a864d93c69076a36c8b5) Importer(815301076,1909f56bfc062723c751e8b465ee728b)  -> (artifact id: '4c62043fe7630aa57d681f3ddec059ec') in 0.001539 seconds
  Import took 0.004510 seconds .

========================================================================
Received Prepare
Registering precompiled user dll's ...
Registered in 0.000783 seconds.
Begin MonoManager ReloadAssembly
Native extension for WindowsStandalone target not found
Native extension for WebGL target not found
Refreshing native plugins compatible for Editor in 0.37 ms, found 1 plugins.
Preloading 0 native plugins for Editor in 0.00 ms.
Invoked RoslynAnalysisRunner static constructor.
RoslynAnalysisRunner will not be running.
RoslynAnalysisRunner has terminated.
Mono: successfully reloaded assembly
- Completed reload, in  0.650 seconds
Platform modules already initialized, skipping
Refreshing native plugins compatible for Editor in 0.37 ms, found 1 plugins.
Preloading 0 native plugins for Editor in 0.00 ms.
Unloading 1809 Unused Serialized files (Serialized files now loaded: 0)
System memory in use before: 88.1 MB.
System memory in use after: 88.1 MB.

Unloading 12 unused Assets to reduce memory usage. Loaded Objects now: 2279.
Total: 2.072900 ms (FindLiveObjects: 0.236500 ms CreateObjectMapping: 0.050400 ms MarkObjects: 1.661100 ms  DeleteObjects: 0.123700 ms)

AssetImportParameters requested are different than current active one (requested -> active):
  requireTextureImportCompression: false -> true
========================================================================
Received Import Request.
  Time since last request: 57.014798 seconds.
  path: Assets/Script/patternScripts.cs
  artifactKey: Guid(c4e63953e241a864d93c69076a36c8b5) Importer(815301076,1909f56bfc062723c751e8b465ee728b)
Start importing Assets/Script/patternScripts.cs using Guid(c4e63953e241a864d93c69076a36c8b5) Importer(815301076,1909f56bfc062723c751e8b465ee728b)  -> (artifact id: '73d9e26cb2aaed4c960d33bcb44167fa') in 0.004061 seconds
  Import took 0.006864 seconds .

========================================================================
Received Prepare
Registering precompiled user dll's ...
Registered in 0.000788 seconds.
Begin MonoManager ReloadAssembly
Native extension for WindowsStandalone target not found
Native extension for WebGL target not found
Refreshing native plugins compatible for Editor in 0.38 ms, found 1 plugins.
Preloading 0 native plugins for Editor in 0.00 ms.
Invoked RoslynAnalysisRunner static constructor.
RoslynAnalysisRunner will not be running.
RoslynAnalysisRunner has terminated.
Mono: successfully reloaded assembly
- Completed reload, in  0.660 seconds
Platform modules already initialized, skipping
Refreshing native plugins compatible for Editor in 0.36 ms, found 1 plugins.
Preloading 0 native plugins for Editor in 0.00 ms.
Unloading 1809 Unused Serialized files (Serialized files now loaded: 0)
System memory in use before: 88.2 MB.
System memory in use after: 88.1 MB.

Unloading 12 unused Assets to reduce memory usage. Loaded Objects now: 2282.
Total: 1.824800 ms (FindLiveObjects: 0.189700 ms CreateObjectMapping: 0.048000 ms MarkObjects: 1.478800 ms  DeleteObjects: 0.107200 ms)

AssetImportParameters requested are different than current active one (requested -> active):
  requireTextureImportCompression: false -> true
========================================================================
Received Import Request.
  Time since last request: 17.639198 seconds.
  path: Assets/Script/patternScripts.cs
  artifactKey: Guid(c4e63953e241a864d93c69076a36c8b5) Importer(815301076,1909f56bfc062723c751e8b465ee728b)
Start importing Assets/Script/patternScripts.cs using Guid(c4e63953e241a864d93c69076a36c8b5) Importer(815301076,1909f56bfc062723c751e8b465ee728b)  -> (artifact id: 'e50f232e51d2f909b6acab3c2b4a94a8') in 0.003986 seconds
  Import took 0.006861 seconds .

========================================================================
Received Prepare
Registering precompiled user dll's ...
Registered in 0.000781 seconds.
Begin MonoManager ReloadAssembly
Native extension for WindowsStandalone target not found
Native extension for WebGL target not found
Refreshing native plugins compatible for Editor in 0.38 ms, found 1 plugins.
Preloading 0 native plugins for Editor in 0.00 ms.
Invoked RoslynAnalysisRunner static constructor.
RoslynAnalysisRunner will not be running.
RoslynAnalysisRunner has terminated.
Mono: successfully reloaded assembly
- Completed reload, in  0.646 seconds
Platform modules already initialized, skipping
Refreshing native plugins compatible for Editor in 0.38 ms, found 1 plugins.
Preloading 0 native plugins for Editor in 0.00 ms.
Unloading 1809 Unused Serialized files (Serialized files now loaded: 0)
System memory in use before: 88.2 MB.
System memory in use after: 88.1 MB.

Unloading 12 unused Assets to reduce memory usage. Loaded Objects now: 2285.
Total: 1.798900 ms (FindLiveObjects: 0.191500 ms CreateObjectMapping: 0.042100 ms MarkObjects: 1.461400 ms  DeleteObjects: 0.102900 ms)

AssetImportParameters requested are different than current active one (requested -> active):
  requireTextureImportCompression: false -> true
========================================================================
Received Import Request.
  Time since last request: 6.915442 seconds.
  path: Assets/Script/patternScripts.cs
  artifactKey: Guid(c4e63953e241a864d93c69076a36c8b5) Importer(815301076,1909f56bfc062723c751e8b465ee728b)
Start importing Assets/Script/patternScripts.cs using Guid(c4e63953e241a864d93c69076a36c8b5) Importer(815301076,1909f56bfc062723c751e8b465ee728b)  -> (artifact id: '8f7814f64a0133368c5c9577d08cf6dd') in 0.003961 seconds
  Import took 0.006725 seconds .

========================================================================
Received Prepare
Registering precompiled user dll's ...
Registered in 0.000844 seconds.
Begin MonoManager ReloadAssembly
Native extension for WindowsStandalone target not found
Native extension for WebGL target not found
Refreshing native plugins compatible for Editor in 0.38 ms, found 1 plugins.
Preloading 0 native plugins for Editor in 0.00 ms.
Invoked RoslynAnalysisRunner static constructor.
RoslynAnalysisRunner will not be running.
RoslynAnalysisRunner has terminated.
Mono: successfully reloaded assembly
- Completed reload, in  0.612 seconds
Platform modules already initialized, skipping
Refreshing native plugins compatible for Editor in 0.37 ms, found 1 plugins.
Preloading 0 native plugins for Editor in 0.00 ms.
Unloading 1809 Unused Serialized files (Serialized files now loaded: 0)
System memory in use before: 88.2 MB.
System memory in use after: 88.1 MB.

Unloading 12 unused Assets to reduce memory usage. Loaded Objects now: 2288.
Total: 1.980100 ms (FindLiveObjects: 0.219100 ms CreateObjectMapping: 0.047600 ms MarkObjects: 1.591800 ms  DeleteObjects: 0.120900 ms)

AssetImportParameters requested are different than current active one (requested -> active):
  requireTextureImportCompression: false -> true
========================================================================
Received Import Request.
  Time since last request: 9.997973 seconds.
  path: Assets/Script/patternScripts.cs
  artifactKey: Guid(c4e63953e241a864d93c69076a36c8b5) Importer(815301076,1909f56bfc062723c751e8b465ee728b)
Start importing Assets/Script/patternScripts.cs using Guid(c4e63953e241a864d93c69076a36c8b5) Importer(815301076,1909f56bfc062723c751e8b465ee728b)  -> (artifact id: '638716b5f54adf8201d8096b46d99ac2') in 0.004024 seconds
  Import took 0.007019 seconds .

========================================================================
Received Import Request.
  Time since last request: 11.939007 seconds.
  path: Assets/Script/patternScripts.cs
  artifactKey: Guid(c4e63953e241a864d93c69076a36c8b5) Importer(815301076,1909f56bfc062723c751e8b465ee728b)
Start importing Assets/Script/patternScripts.cs using Guid(c4e63953e241a864d93c69076a36c8b5) Importer(815301076,1909f56bfc062723c751e8b465ee728b)  -> (artifact id: 'ddaed7eb1c0549ce0cba373b5a06f56e') in 0.001389 seconds
  Import took 0.004037 seconds .

========================================================================
Received Prepare
Registering precompiled user dll's ...
Registered in 0.000880 seconds.
Begin MonoManager ReloadAssembly
Native extension for WindowsStandalone target not found
Native extension for WebGL target not found
Refreshing native plugins compatible for Editor in 0.41 ms, found 1 plugins.
Preloading 0 native plugins for Editor in 0.00 ms.
Invoked RoslynAnalysisRunner static constructor.
RoslynAnalysisRunner will not be running.
RoslynAnalysisRunner has terminated.
Mono: successfully reloaded assembly
- Completed reload, in  0.690 seconds
Platform modules already initialized, skipping
Refreshing native plugins compatible for Editor in 0.42 ms, found 1 plugins.
Preloading 0 native plugins for Editor in 0.00 ms.
Unloading 1809 Unused Serialized files (Serialized files now loaded: 0)
System memory in use before: 88.2 MB.
System memory in use after: 88.2 MB.

Unloading 12 unused Assets to reduce memory usage. Loaded Objects now: 2291.
Total: 1.903800 ms (FindLiveObjects: 0.241100 ms CreateObjectMapping: 0.050800 ms MarkObjects: 1.496100 ms  DeleteObjects: 0.114800 ms)

AssetImportParameters requested are different than current active one (requested -> active):
  requireTextureImportCompression: false -> true
========================================================================
Received Prepare
Registering precompiled user dll's ...
Registered in 0.000787 seconds.
Begin MonoManager ReloadAssembly
Native extension for WindowsStandalone target not found
Native extension for WebGL target not found
Refreshing native plugins compatible for Editor in 0.37 ms, found 1 plugins.
Preloading 0 native plugins for Editor in 0.00 ms.
Invoked RoslynAnalysisRunner static constructor.
RoslynAnalysisRunner will not be running.
RoslynAnalysisRunner has terminated.
Mono: successfully reloaded assembly
- Completed reload, in  0.661 seconds
Platform modules already initialized, skipping
Refreshing native plugins compatible for Editor in 0.35 ms, found 1 plugins.
Preloading 0 native plugins for Editor in 0.00 ms.
Unloading 1809 Unused Serialized files (Serialized files now loaded: 0)
System memory in use before: 88.2 MB.
System memory in use after: 88.2 MB.

Unloading 12 unused Assets to reduce memory usage. Loaded Objects now: 2294.
Total: 1.816500 ms (FindLiveObjects: 0.193400 ms CreateObjectMapping: 0.048500 ms MarkObjects: 1.471000 ms  DeleteObjects: 0.102700 ms)

AssetImportParameters requested are different than current active one (requested -> active):
  requireTextureImportCompression: false -> true
========================================================================
Received Prepare
Registering precompiled user dll's ...
Registered in 0.000772 seconds.
Begin MonoManager ReloadAssembly
Native extension for WindowsStandalone target not found
Native extension for WebGL target not found
Refreshing native plugins compatible for Editor in 0.38 ms, found 1 plugins.
Preloading 0 native plugins for Editor in 0.00 ms.
Invoked RoslynAnalysisRunner static constructor.
RoslynAnalysisRunner will not be running.
RoslynAnalysisRunner has terminated.
Mono: successfully reloaded assembly
- Completed reload, in  0.690 seconds
Platform modules already initialized, skipping
Refreshing native plugins compatible for Editor in 0.34 ms, found 1 plugins.
Preloading 0 native plugins for Editor in 0.00 ms.
Unloading 1809 Unused Serialized files (Serialized files now loaded: 0)
System memory in use before: 88.2 MB.
System memory in use after: 88.2 MB.

Unloading 12 unused Assets to reduce memory usage. Loaded Objects now: 2297.
Total: 2.022200 ms (FindLiveObjects: 0.241100 ms CreateObjectMapping: 0.049400 ms MarkObjects: 1.624200 ms  DeleteObjects: 0.106400 ms)

AssetImportParameters requested are different than current active one (requested -> active):
  requireTextureImportCompression: false -> true
========================================================================
Received Prepare
Registering precompiled user dll's ...
Registered in 0.000791 seconds.
Begin MonoManager ReloadAssembly
Native extension for WindowsStandalone target not found
Native extension for WebGL target not found
Refreshing native plugins compatible for Editor in 0.37 ms, found 1 plugins.
Preloading 0 native plugins for Editor in 0.00 ms.
Invoked RoslynAnalysisRunner static constructor.
RoslynAnalysisRunner will not be running.
RoslynAnalysisRunner has terminated.
Mono: successfully reloaded assembly
- Completed reload, in  0.664 seconds
Platform modules already initialized, skipping
Refreshing native plugins compatible for Editor in 0.35 ms, found 1 plugins.
Preloading 0 native plugins for Editor in 0.00 ms.
Unloading 1809 Unused Serialized files (Serialized files now loaded: 0)
System memory in use before: 88.2 MB.
System memory in use after: 88.2 MB.

Unloading 12 unused Assets to reduce memory usage. Loaded Objects now: 2300.
Total: 1.867500 ms (FindLiveObjects: 0.207300 ms CreateObjectMapping: 0.042400 ms MarkObjects: 1.498900 ms  DeleteObjects: 0.117900 ms)

AssetImportParameters requested are different than current active one (requested -> active):
  requireTextureImportCompression: false -> true
AssetImportWorkerClient::OnTransportError - code=2 error=End of file
